<?xml version='1.0' encoding='UTF-8'?>
<testsuite hostname="DESKTOP-73LKST2" name="sutd.compiler.simp.TestTypeInf" tests="4" errors="0" failures="0" skipped="0" time="0.027" timestamp="2025-11-29T15:49:52">
          <properties>
[...]
</properties>
          <testcase classname="sutd.compiler.simp.TestTypeInf" name="test typeinf type substitution [int/a]a" time="0.026">
                      
                    </testcase><testcase classname="sutd.compiler.simp.TestTypeInf" name="test typeinf type substitution [int/a]b" time="0.0">
                      
                    </testcase><testcase classname="sutd.compiler.simp.TestTypeInf" name="test typeinf type substitution [int/a]bool" time="0.001">
                      
                    </testcase><testcase classname="sutd.compiler.simp.TestTypeInf" name="test typeinf type substitution ([int/a]o[a/b])b" time="0.0">
                      
                    </testcase>
          <system-out><![CDATA[]]></system-out>
          <system-err><![CDATA[]]></system-err>
        </testsuite>