<?xml version='1.0' encoding='UTF-8'?>
<testsuite hostname="DESKTOP-8ESOR4O" name="sutd.compiler.simp.TestParser" tests="8" errors="0" failures="0" skipped="0" time="0.063" timestamp="2025-11-06T02:12:50">
          <properties>
[...]
</properties>
          <testcase classname="sutd.compiler.simp.TestParser" name="test p_spaces: parsing 0 spaces" time="0.027">
                      
                    </testcase><testcase classname="sutd.compiler.simp.TestParser" name="test p_spaces: parsing 3 spaces" time="0.012">
                      
                    </testcase><testcase classname="sutd.compiler.simp.TestParser" name="test p_spaces: parsing 3 tabs" time="0.0">
                      
                    </testcase><testcase classname="sutd.compiler.simp.TestParser" name="test p_spaces: should not parse id" time="0.002">
                      
                    </testcase><testcase classname="sutd.compiler.simp.TestParser" name="test p_exp: parsing x + 1" time="0.008">
                      
                    </testcase><testcase classname="sutd.compiler.simp.TestParser" name="test p_exp: parsing x - (1 + (y * 2))" time="0.004">
                      
                    </testcase><testcase classname="sutd.compiler.simp.TestParser" name="test parser: parsing y = 1; x = x + 1;" time="0.004">
                      
                    </testcase><testcase classname="sutd.compiler.simp.TestParser" name="test parser: parsing 
x = input;
s = 0;
c = 0;
while c &lt; x {
    s = c + s;
    c = c + 1;
}
return s;" time="0.006">
                      
                    </testcase>
          <system-out><![CDATA[]]></system-out>
          <system-err><![CDATA[]]></system-err>
        </testsuite>