[0m[[0m[0mdebug[0m] [0m[0mRunning TaskDef(sutd.compiler.simp.TestParser, org.scalatest.tools.Framework$$anon$1@6de4cd51, false, [SuiteSelector])[0m
[0m[[0m[0minfo[0m] [0m[0m[32mTestParser:[0m[0m
[0m[[0m[0minfo[0m] [0m[0m[32m- test p_spaces: parsing 0 spaces[0m[0m
[0m[[0m[0minfo[0m] [0m[0m[32m- test p_spaces: parsing 3 spaces[0m[0m
[0m[[0m[0minfo[0m] [0m[0m[32m- test p_spaces: parsing 3 tabs[0m[0m
[0m[[0m[0minfo[0m] [0m[0m[32m- test p_spaces: should not parse id[0m[0m
[0m[[0m[0minfo[0m] [0m[0m[32m- test p_exp: parsing x + 1[0m[0m
[0m[[0m[0minfo[0m] [0m[0m[32m- test p_exp: parsing x - (1 + (y * 2))[0m[0m
[0m[[0m[0minfo[0m] [0m[0m[32m- test parser: parsing y = 1; x = x + 1;[0m[0m
[0m[[0m[0minfo[0m] [0m[0m[31m- test parser: parsing [0m[0m
[0m[[0m[0minfo[0m] [0m[0m[31mx = input;[0m[0m
[0m[[0m[0minfo[0m] [0m[0m[31ms = 0;[0m[0m
[0m[[0m[0minfo[0m] [0m[0m[31mc = 0;[0m[0m
[0m[[0m[0minfo[0m] [0m[0m[31mwhile c < x {[0m[0m
[0m[[0m[0minfo[0m] [0m[0m[31m    s = c + s;[0m[0m
[0m[[0m[0minfo[0m] [0m[0m[31m    c = c + 1;[0m[0m
[0m[[0m[0minfo[0m] [0m[0m[31m}[0m[0m
[0m[[0m[0minfo[0m] [0m[0m[31mreturn s;[0m[0m
[0m[[0m[0minfo[0m] [0m[0m[31m         *** FAILED ***[0m[0m
[0m[[0m[0minfo[0m] [0m[0m[31m  org.scalatest.exceptions.TestFailedException was thrown. (TestParser.scala:186)[0m[0m
[0m[[0m[0minfo[0m] [0m[0m[36mRun completed in 322 milliseconds.[0m[0m
[0m[[0m[0minfo[0m] [0m[0m[36mTotal number of tests run: 8[0m[0m
[0m[[0m[0minfo[0m] [0m[0m[36mSuites: completed 1, aborted 0[0m[0m
[0m[[0m[0minfo[0m] [0m[0m[36mTests: succeeded 7, failed 1, canceled 0, ignored 0, pending 0[0m[0m
[0m[[0m[0minfo[0m] [0m[0m[31m*** 1 TEST FAILED ***[0m[0m
[0m[[0m[31merror[0m] [0m[0mFailed tests:[0m
[0m[[0m[31merror[0m] [0m[0m	sutd.compiler.simp.TestParser[0m
[0m[[0m[31merror[0m] [0m[0m(Test / [31mtestOnly[0m) sbt.TestsFailedException: Tests unsuccessful[0m
